0 info it worked if it ends with ok
1 verbose cli [
1 verbose cli   'C:\\Gothaer\\home\\Programme\\node-v12.13.1-win-x64\\node.exe',
1 verbose cli   'C:\\Gothaer\\home\\Programme\\node-v12.13.1-win-x64\\node_modules\\npm\\bin\\npm-cli.js',
1 verbose cli   'run',
1 verbose cli   'serve',
1 verbose cli   '--scripts-prepend-node-path=auto'
1 verbose cli ]
2 info using npm@6.12.1
3 info using node@v12.13.1
4 verbose stack Error: Failed to parse json
4 verbose stack Unexpected token } in JSON at position 1180 while parsing near '...ot dead"
4 verbose stack   ],
4 verbose stack
4 verbose stack }
4 verbose stack '
4 verbose stack     at parseError (C:\Gothaer\home\Programme\node-v12.13.1-win-x64\node_modules\npm\node_modules\read-package-json\read-json.js:469:11)
4 verbose stack     at parseJson (C:\Gothaer\home\Programme\node-v12.13.1-win-x64\node_modules\npm\node_modules\read-package-json\read-json.js:105:26)
4 verbose stack     at C:\Gothaer\home\Programme\node-v12.13.1-win-x64\node_modules\npm\node_modules\read-package-json\read-json.js:52:5
4 verbose stack     at C:\Gothaer\home\Programme\node-v12.13.1-win-x64\node_modules\npm\node_modules\graceful-fs\graceful-fs.js:115:16
4 verbose stack     at FSReqCallback.readFileAfterClose [as oncomplete] (internal/fs/read_file_context.js:61:3)
5 verbose cwd C:\Gothaer\home\Projects\vuejs-sandbox
6 verbose Windows_NT 10.0.17763
7 verbose argv "C:\\Gothaer\\home\\Programme\\node-v12.13.1-win-x64\\node.exe" "C:\\Gothaer\\home\\Programme\\node-v12.13.1-win-x64\\node_modules\\npm\\bin\\npm-cli.js" "run" "serve" "--scripts-prepend-node-path=auto"
8 verbose node v12.13.1
9 verbose npm  v6.12.1
10 error code EJSONPARSE
11 error file C:\Gothaer\home\Projects\vuejs-sandbox\package.json
12 error JSON.parse Failed to parse json
12 error JSON.parse Unexpected token } in JSON at position 1180 while parsing near '...ot dead"
12 error JSON.parse   ],
12 error JSON.parse
12 error JSON.parse }
12 error JSON.parse '
13 error JSON.parse Failed to parse package.json data.
13 error JSON.parse package.json must be actual JSON, not just JavaScript.
14 verbose exit [ 1, true ]
