0 info it worked if it ends with ok
1 verbose cli [
1 verbose cli   'C:\\Gothaer\\home\\Programme\\node-v12.13.1-win-x64\\node.exe',
1 verbose cli   'C:\\Gothaer\\home\\Programme\\node-v12.13.1-win-x64\\node_modules\\npm\\bin\\npm-cli.js',
1 verbose cli   'run',
1 verbose cli   'serve',
1 verbose cli   '--scripts-prepend-node-path=auto'
1 verbose cli ]
2 info using npm@6.12.1
3 info using node@v12.13.1
4 verbose run-script [ 'preserve', 'serve', 'postserve' ]
5 info lifecycle vuejs-sandbox@0.1.0~preserve: vuejs-sandbox@0.1.0
6 info lifecycle vuejs-sandbox@0.1.0~serve: vuejs-sandbox@0.1.0
7 verbose lifecycle vuejs-sandbox@0.1.0~serve: unsafe-perm in lifecycle true
8 verbose lifecycle vuejs-sandbox@0.1.0~serve: PATH: C:\Gothaer\home\Programme\node-v12.13.1-win-x64\node_modules\npm\node_modules\npm-lifecycle\node-gyp-bin;C:\Gothaer\home\Projects\vuejs-sandbox\node_modules\.bin;C:\Program Files (x86)\Common Files\Oracle\Java\javapath;C:\WINDOWS\system32;C:\WINDOWS;C:\WINDOWS\System32\Wbem;C:\WINDOWS\System32\WindowsPowerShell\v1.0\;C:\WINDOWS\System32\OpenSSH\;C:\Program Files (x86)\Adobe\Acrobat Reader DC\Reader;C:\PROGRA~2\Java\jre\bin;C:\PROGRA~2\SQLLIB\BIN;C:\PROGRA~2\SQLLIB\FUNCTION;C:\PROGRA~2\SQLLIB\SAMPLES\REPL;C:\Program Files (x86)\IBM\Personal Communications\;C:\Program Files (x86)\IBM\Trace Facility\;C:\Program Files (x86)\Plantronics\Spokes3G\;C:\Program Files\TortoiseSVN\bin;C:\Program Files (x86)\Intel\Intel(R) Management Engine Components\DAL;C:\Program Files\Intel\Intel(R) Management Engine Components\DAL;C:\Users\tff\AppData\Local\Microsoft\WindowsApps;C:\Users\tff\AppData\Roaming\npm;C:\Gothaer\home\Programme\node-v12.13.1-win-x64;C:\home\Programme\node_local\npm;
9 verbose lifecycle vuejs-sandbox@0.1.0~serve: CWD: C:\Gothaer\home\Projects\vuejs-sandbox
10 silly lifecycle vuejs-sandbox@0.1.0~serve: Args: [ '/d /s /c', 'vue-cli-service serve' ]
11 silly lifecycle vuejs-sandbox@0.1.0~serve: Returned: code: 1  signal: null
12 info lifecycle vuejs-sandbox@0.1.0~serve: Failed to exec serve script
13 verbose stack Error: vuejs-sandbox@0.1.0 serve: `vue-cli-service serve`
13 verbose stack Exit status 1
13 verbose stack     at EventEmitter.<anonymous> (C:\Gothaer\home\Programme\node-v12.13.1-win-x64\node_modules\npm\node_modules\npm-lifecycle\index.js:332:16)
13 verbose stack     at EventEmitter.emit (events.js:210:5)
13 verbose stack     at ChildProcess.<anonymous> (C:\Gothaer\home\Programme\node-v12.13.1-win-x64\node_modules\npm\node_modules\npm-lifecycle\lib\spawn.js:55:14)
13 verbose stack     at ChildProcess.emit (events.js:210:5)
13 verbose stack     at maybeClose (internal/child_process.js:1021:16)
13 verbose stack     at Process.ChildProcess._handle.onexit (internal/child_process.js:283:5)
14 verbose pkgid vuejs-sandbox@0.1.0
15 verbose cwd C:\Gothaer\home\Projects\vuejs-sandbox
16 verbose Windows_NT 10.0.17763
17 verbose argv "C:\\Gothaer\\home\\Programme\\node-v12.13.1-win-x64\\node.exe" "C:\\Gothaer\\home\\Programme\\node-v12.13.1-win-x64\\node_modules\\npm\\bin\\npm-cli.js" "run" "serve" "--scripts-prepend-node-path=auto"
18 verbose node v12.13.1
19 verbose npm  v6.12.1
20 error code ELIFECYCLE
21 error errno 1
22 error vuejs-sandbox@0.1.0 serve: `vue-cli-service serve`
22 error Exit status 1
23 error Failed at the vuejs-sandbox@0.1.0 serve script.
23 error This is probably not a problem with npm. There is likely additional logging output above.
24 verbose exit [ 1, true ]
